This is XeTeX, Version 3.14159265-2.6-0.99992 (MiKTeX 2.9) (preloaded format=xelatex 2016.1.3)  5 FEB 2016 17:09
entering extended mode
**./titlepage.tex
(titlepage.tex
LaTeX2e <2015/10/01> patch level 2
Babel <3.9m> and hyphenation patterns for 69 languages loaded.

! LaTeX Error: Environment titlepage undefined.

See the LaTeX manual or LaTeX Companion for explanation.
Type  H <return>  for immediate help.
 ...                                              
                                                  
l.2 \begin{titlepage}
                     
Your command was ignored.
Type  I <command> <return>  to replace it with another command,
or  <return>  to continue without it.


! LaTeX Error: Missing \begin{document}.

See the LaTeX manual or LaTeX Companion for explanation.
Type  H <return>  for immediate help.
 ...                                              
                                                  
l.3 ^^I\begin{center}
                     
You're in trouble here.  Try typing  <return>  to proceed.
If that doesn't work, type  X <return>  to quit.


Overfull \hbox (20.0pt too wide) in paragraph at lines 3--3
[] 
 []

Requested font "cmcsc10" at 10.0pt
! Undefined control sequence.
<recently read> \LARGE 
                       
l.6 ...\textsc{\LARGE Management Center Innsbruck}
                                                  \\[1.5cm]
The control sequence at the end of the top line
of your error message was never \def'ed. If you have
misspelled it (e.g., `\hobx'), type `I' and the correct
spelling (e.g., `I\hbox'). Otherwise just continue,
and I'll forget about whatever was undefined.


Overfull \hbox (65.14407pt too wide) in paragraph at lines 6--6
 \OT1/cmr/m/sc/10 Management 
 []


Overfull \hbox (23.34984pt too wide) in paragraph at lines 6--6
 \OT1/cmr/m/sc/10 Cen- 
 []


Overfull \hbox (17.51102pt too wide) in paragraph at lines 6--6
 \OT1/cmr/m/sc/10 ter 
 []


Overfull \hbox (24.67763pt too wide) in paragraph at lines 6--6
 \OT1/cmr/m/sc/10 Inns- 
 []


Overfull \hbox (29.99988pt too wide) in paragraph at lines 6--6
 \OT1/cmr/m/sc/10 bruck 
 []

! Undefined control sequence.
<recently read> \Large 
                       
l.7 ^^I^^I\textsc{\Large Project Report}
                                        \\[0.5cm]
The control sequence at the end of the top line
of your error message was never \def'ed. If you have
misspelled it (e.g., `\hobx'), type `I' and the correct
spelling (e.g., `I\hbox'). Otherwise just continue,
and I'll forget about whatever was undefined.


Overfull \hbox (41.2164pt too wide) in paragraph at lines 7--7
 []\OT1/cmr/m/sc/10 Project 
 []


Overfull \hbox (17.35541pt too wide) in paragraph at lines 7--7
 \OT1/cmr/m/sc/10 Re- 
 []


Overfull \hbox (23.19986pt too wide) in paragraph at lines 7--7
 \OT1/cmr/m/sc/10 port 
 []

! Undefined control sequence.
l.10 ^^I^^I{ \huge
                   \bfseries Higher Mechanics\\Rigid Body Simulation\\[0.4cm] }
The control sequence at the end of the top line
of your error message was never \def'ed. If you have
misspelled it (e.g., `\hobx'), type `I' and the correct
spelling (e.g., `I\hbox'). Otherwise just continue,
and I'll forget about whatever was undefined.

Requested font "cmbx10" at 10.0pt

Overfull \hbox (34.34012pt too wide) in paragraph at lines 10--10
 []\OT1/cmr/bx/n/10 Higher 
 []


Overfull \hbox (20.02074pt too wide) in paragraph at lines 10--10
 \OT1/cmr/bx/n/10 Me- 
 []


Overfull \hbox (26.99289pt too wide) in paragraph at lines 10--10
 \OT1/cmr/bx/n/10 chan- 
 []


Overfull \hbox (12.84158pt too wide) in paragraph at lines 10--10
 \OT1/cmr/bx/n/10 ics 
 []


Overfull \hbox (27.15263pt too wide) in paragraph at lines 10--10
 []\OT1/cmr/bx/n/10 Rigid 
 []


Overfull \hbox (26.70819pt too wide) in paragraph at lines 10--10
 \OT1/cmr/bx/n/10 Body 
 []


Overfull \hbox (22.99988pt too wide) in paragraph at lines 10--10
 \OT1/cmr/bx/n/10 Sim- 
 []


Overfull \hbox (10.22217pt too wide) in paragraph at lines 10--10
 \OT1/cmr/bx/n/10 u- 
 []


Overfull \hbox (12.61797pt too wide) in paragraph at lines 10--10
 \OT1/cmr/bx/n/10 la- 
 []


Overfull \hbox (19.80545pt too wide) in paragraph at lines 10--10
 \OT1/cmr/bx/n/10 tion 
 []

! Undefined control sequence.
l.17 \study
           
The control sequence at the end of the top line
of your error message was never \def'ed. If you have
misspelled it (e.g., `\hobx'), type `I' and the correct
spelling (e.g., `I\hbox'). Otherwise just continue,
and I'll forget about whatever was undefined.

! Undefined control sequence.
l.20 \term
           \termname
The control sequence at the end of the top line
of your error message was never \def'ed. If you have
misspelled it (e.g., `\hobx'), type `I' and the correct
spelling (e.g., `I\hbox'). Otherwise just continue,
and I'll forget about whatever was undefined.

! Undefined control sequence.
\termname ->\ifthenelse 
                        {\boolean {english}}{semester}{Semester}
l.20 \term \termname
                    
The control sequence at the end of the top line
of your error message was never \def'ed. If you have
misspelled it (e.g., `\hobx'), type `I' and the correct
spelling (e.g., `I\hbox'). Otherwise just continue,
and I'll forget about whatever was undefined.

! Undefined control sequence.
\termname ->\ifthenelse {\boolean 
                                  {english}}{semester}{Semester}
l.20 \term \termname
                    
The control sequence at the end of the top line
of your error message was never \def'ed. If you have
misspelled it (e.g., `\hobx'), type `I' and the correct
spelling (e.g., `I\hbox'). Otherwise just continue,
and I'll forget about whatever was undefined.

Missing character: There is no e in font nullfont!
Missing character: There is no n in font nullfont!
Missing character: There is no g in font nullfont!
Missing character: There is no l in font nullfont!
Missing character: There is no i in font nullfont!
Missing character: There is no s in font nullfont!
Missing character: There is no h in font nullfont!
Missing character: There is no s in font nullfont!
Missing character: There is no e in font nullfont!
Missing character: There is no m in font nullfont!
Missing character: There is no e in font nullfont!
Missing character: There is no s in font nullfont!
Missing character: There is no t in font nullfont!
Missing character: There is no e in font nullfont!
Missing character: There is no r in font nullfont!
Missing character: There is no S in font nullfont!
Missing character: There is no e in font nullfont!
Missing character: There is no m in font nullfont!
Missing character: There is no e in font nullfont!
Missing character: There is no s in font nullfont!
Missing character: There is no t in font nullfont!
Missing character: There is no e in font nullfont!
Missing character: There is no r in font nullfont!
! Undefined control sequence.
\lecturername ->\ifthenelse 
                            {\boolean {english}}{Responsible lecturer}{Lehrv...
l.23 \lecturername
                  : \lecturer
The control sequence at the end of the top line
of your error message was never \def'ed. If you have
misspelled it (e.g., `\hobx'), type `I' and the correct
spelling (e.g., `I\hbox'). Otherwise just continue,
and I'll forget about whatever was undefined.

! Undefined control sequence.
\lecturername ->\ifthenelse {\boolean 
                                      {english}}{Responsible lecturer}{Lehrv...
l.23 \lecturername
                  : \lecturer
The control sequence at the end of the top line
of your error message was never \def'ed. If you have
misspelled it (e.g., `\hobx'), type `I' and the correct
spelling (e.g., `I\hbox'). Otherwise just continue,
and I'll forget about whatever was undefined.

Missing character: There is no e in font nullfont!
Missing character: There is no n in font nullfont!
Missing character: There is no g in font nullfont!
Missing character: There is no l in font nullfont!
Missing character: There is no i in font nullfont!
Missing character: There is no s in font nullfont!
Missing character: There is no h in font nullfont!
Missing character: There is no R in font nullfont!
Missing character: There is no e in font nullfont!
Missing character: There is no s in font nullfont!
Missing character: There is no p in font nullfont!
Missing character: There is no o in font nullfont!
Missing character: There is no n in font nullfont!
Missing character: There is no s in font nullfont!
Missing character: There is no i in font nullfont!
Missing character: There is no b in font nullfont!
Missing character: There is no l in font nullfont!
Missing character: There is no e in font nullfont!
Missing character: There is no l in font nullfont!
Missing character: There is no e in font nullfont!
Missing character: There is no c in font nullfont!
Missing character: There is no t in font nullfont!
Missing character: There is no u in font nullfont!
Missing character: There is no r in font nullfont!
Missing character: There is no e in font nullfont!
Missing character: There is no r in font nullfont!
Missing character: There is no L in font nullfont!
Missing character: There is no e in font nullfont!
Missing character: There is no h in font nullfont!
Missing character: There is no r in font nullfont!
Missing character: There is no v in font nullfont!
Missing character: There is no e in font nullfont!
Missing character: There is no r in font nullfont!
Missing character: There is no a in font nullfont!
Missing character: There is no n in font nullfont!
Missing character: There is no s in font nullfont!
Missing character: There is no t in font nullfont!
Missing character: There is no a in font nullfont!
Missing character: There is no l in font nullfont!
Missing character: There is no t in font nullfont!
Missing character: There is no u in font nullfont!
Missing character: There is no n in font nullfont!
Missing character: There is no g in font nullfont!
Missing character: There is no s in font nullfont!
Missing character: There is no l in font nullfont!
Missing character: There is no e in font nullfont!
Missing character: There is no i in font nullfont!
Missing character: There is no t in font nullfont!
Missing character: There is no e in font nullfont!
Missing character: There is no r in font nullfont!
Missing character: There is no : in font nullfont!
! Undefined control sequence.
l.23 \lecturername: \lecturer
                             
The control sequence at the end of the top line
of your error message was never \def'ed. If you have
misspelled it (e.g., `\hobx'), type `I' and the correct
spelling (e.g., `I\hbox'). Otherwise just continue,
and I'll forget about whatever was undefined.

! Undefined control sequence.
\authorname ->\ifthenelse 
                          {\boolean {english}}{Authors}{Verfasser}
l.26 \authorname
                : \student
The control sequence at the end of the top line
of your error message was never \def'ed. If you have
misspelled it (e.g., `\hobx'), type `I' and the correct
spelling (e.g., `I\hbox'). Otherwise just continue,
and I'll forget about whatever was undefined.

! Undefined control sequence.
\authorname ->\ifthenelse {\boolean 
                                    {english}}{Authors}{Verfasser}
l.26 \authorname
                : \student
The control sequence at the end of the top line
of your error message was never \def'ed. If you have
misspelled it (e.g., `\hobx'), type `I' and the correct
spelling (e.g., `I\hbox'). Otherwise just continue,
and I'll forget about whatever was undefined.

Missing character: There is no e in font nullfont!
Missing character: There is no n in font nullfont!
Missing character: There is no g in font nullfont!
Missing character: There is no l in font nullfont!
Missing character: There is no i in font nullfont!
Missing character: There is no s in font nullfont!
Missing character: There is no h in font nullfont!
Missing character: There is no A in font nullfont!
Missing character: There is no u in font nullfont!
Missing character: There is no t in font nullfont!
Missing character: There is no h in font nullfont!
Missing character: There is no o in font nullfont!
Missing character: There is no r in font nullfont!
Missing character: There is no s in font nullfont!
Missing character: There is no V in font nullfont!
Missing character: There is no e in font nullfont!
Missing character: There is no r in font nullfont!
Missing character: There is no f in font nullfont!
Missing character: There is no a in font nullfont!
Missing character: There is no s in font nullfont!
Missing character: There is no s in font nullfont!
Missing character: There is no e in font nullfont!
Missing character: There is no r in font nullfont!
Missing character: There is no : in font nullfont!
! Undefined control sequence.
l.26 \authorname: \student
                          
The control sequence at the end of the top line
of your error message was never \def'ed. If you have
misspelled it (e.g., `\hobx'), type `I' and the correct
spelling (e.g., `I\hbox'). Otherwise just continue,
and I'll forget about whatever was undefined.

Missing character: There is no D in font nullfont!
Missing character: There is no a in font nullfont!
Missing character: There is no t in font nullfont!
Missing character: There is no e in font nullfont!
Missing character: There is no : in font nullfont!
! Undefined control sequence.
l.28 ^^I^^IDate: \today
                       
The control sequence at the end of the top line
of your error message was never \def'ed. If you have
misspelled it (e.g., `\hobx'), type `I' and the correct
spelling (e.g., `I\hbox'). Otherwise just continue,
and I'll forget about whatever was undefined.


! LaTeX Error: The font size command \normalsize is not defined:
               there is probably something wrong with the class file.

See the LaTeX manual or LaTeX Companion for explanation.
Type  H <return>  for immediate help.
 ...                                              
                                                  
l.29 \newpage
             }
Your command was ignored.
Type  I <command> <return>  to replace it with another command,
or  <return>  to continue without it.

[1]
! Extra }, or forgotten \endgroup.
l.29 \newpage}
              
I've deleted a group-closing symbol because it seems to be
spurious, as in `$x}$'. But perhaps the } is legitimate and
you forgot something else, as in `\hbox{$x}'. In such cases
the way to recover is to insert both the forgotten and the
deleted material, e.g., by typing `I$}'.


! LaTeX Error: \begin{document} ended by \end{titlepage}.

See the LaTeX manual or LaTeX Companion for explanation.
Type  H <return>  for immediate help.
 ...                                              
                                                  
l.54 \end{titlepage}
                    
Your command was ignored.
Type  I <command> <return>  to replace it with another command,
or  <return>  to continue without it.

)
! Emergency stop.
<*> ./titlepage.tex
                   
*** (job aborted, no legal \end found)

 
Here is how much of TeX's memory you used:
 20 strings out of 428721
 197 string characters out of 3159919
 53234 words of memory out of 3000000
 3480 multiletter control sequences out of 15000+200000
 4249 words of font info for 16 fonts, out of 3000000 for 9000
 1096 hyphenation exceptions out of 8191
 19i,4n,14p,115b,175s stack positions out of 5000i,500n,10000p,200000b,50000s
Output written on titlepage.pdf (1 page).
